2021-12-09 15:23:57,440:INFO:PyCaret Supervised Module
2021-12-09 15:23:57,440:INFO:ML Usecase: regression
2021-12-09 15:23:57,440:INFO:version 2.3.1
2021-12-09 15:23:57,440:INFO:Initializing setup()
2021-12-09 15:23:57,440:INFO:setup(target=0           900000
1           850000
2        680000000
3       3050000000
4         72000000
           ...    
8177       7000000
8178        340000
8179        300000
8180        140000
8181       1800000
Name: price, Length: 8182, dtype: int64, ml_usecase=regression, available_plots={'parameter': 'Hyperparameters', 'residuals': 'Residuals', 'error': 'Prediction Error', 'cooks': 'Cooks Distance', 'rfe': 'Feature Selection', 'learning': 'Learning Curve', 'manifold': 'Manifold Learning', 'vc': 'Validation Curve', 'feature': 'Feature Importance', 'feature_all': 'Feature Importance (All)', 'tree': 'Decision Tree', 'residuals_interactive': 'Interactive Residuals'}, train_size=0.7, test_data=None, preprocess=True, imputation_type=simple, iterative_imputation_iters=5, categorical_features=None, categorical_imputation=constant, categorical_iterative_imputer=lightgbm, ordinal_features=None, high_cardinality_features=None, high_cardinality_method=frequency, numeric_features=None, numeric_imputation=mean, numeric_iterative_imputer=lightgbm, date_features=None, ignore_features=None, normalize=False, normalize_method=zscore, transformation=False, transformation_method=yeo-johnson, handle_unknown_categorical=True, unknown_categorical_method=least_frequent, pca=False, pca_method=linear, pca_components=None, ignore_low_variance=False, combine_rare_levels=False, rare_level_threshold=0.1, bin_numeric_features=None, remove_outliers=False, outliers_threshold=0.05, remove_multicollinearity=False, multicollinearity_threshold=0.9, remove_perfect_collinearity=True, create_clusters=False, cluster_iter=20, polynomial_features=False, polynomial_degree=2, trigonometry_features=False, polynomial_threshold=0.1, group_features=None, group_names=None, feature_selection=False, feature_selection_threshold=0.8, feature_selection_method=classic, feature_interaction=False, feature_ratio=False, interaction_threshold=0.01, fix_imbalance=False, fix_imbalance_method=None, transform_target=False, transform_target_method=box-cox, data_split_shuffle=True, data_split_stratify=False, fold_strategy=kfold, fold=10, fold_shuffle=False, fold_groups=None, n_jobs=-1, use_gpu=False, custom_pipeline=None, html=True, session_id=None, log_experiment=False, experiment_name=None, log_plots=False, log_profile=False, log_data=False, silent=False, verbose=True, profile=False, profile_kwargs=None, display=None)
2021-12-09 15:23:57,441:INFO:Checking environment
2021-12-09 15:23:57,441:INFO:python_version: 3.8.5
2021-12-09 15:23:57,441:INFO:python_build: ('default', 'Sep  3 2020 21:29:08')
2021-12-09 15:23:57,441:INFO:machine: AMD64
2021-12-09 15:23:57,441:INFO:platform: Windows-10-10.0.19041-SP0
2021-12-09 15:23:57,441:INFO:Memory: svmem(total=17133969408, available=9608024064, percent=43.9, used=7525945344, free=9608024064)
2021-12-09 15:23:57,441:INFO:Physical Core: 4
2021-12-09 15:23:57,442:INFO:Logical Core: 8
2021-12-09 15:23:57,442:INFO:Checking libraries
2021-12-09 15:23:57,442:INFO:pd==1.3.0
2021-12-09 15:23:57,442:INFO:numpy==1.19.5
2021-12-09 15:23:57,442:INFO:sklearn==0.23.2
2021-12-09 15:23:57,442:INFO:lightgbm==3.2.1
2021-12-09 15:23:57,443:WARNING:catboost not found
2021-12-09 15:23:57,444:WARNING:xgboost not found
2021-12-09 15:23:58,871:INFO:mlflow==1.17.0
2021-12-09 15:23:58,872:INFO:Checking Exceptions
2021-12-09 15:45:39,374:INFO:PyCaret Supervised Module
2021-12-09 15:45:39,374:INFO:ML Usecase: regression
2021-12-09 15:45:39,374:INFO:version 2.3.1
2021-12-09 15:45:39,374:INFO:Initializing setup()
2021-12-09 15:45:39,374:INFO:setup(target=price, ml_usecase=regression, available_plots={'parameter': 'Hyperparameters', 'residuals': 'Residuals', 'error': 'Prediction Error', 'cooks': 'Cooks Distance', 'rfe': 'Feature Selection', 'learning': 'Learning Curve', 'manifold': 'Manifold Learning', 'vc': 'Validation Curve', 'feature': 'Feature Importance', 'feature_all': 'Feature Importance (All)', 'tree': 'Decision Tree', 'residuals_interactive': 'Interactive Residuals'}, train_size=0.7, test_data=None, preprocess=True, imputation_type=simple, iterative_imputation_iters=5, categorical_features=None, categorical_imputation=constant, categorical_iterative_imputer=lightgbm, ordinal_features=None, high_cardinality_features=None, high_cardinality_method=frequency, numeric_features=None, numeric_imputation=mean, numeric_iterative_imputer=lightgbm, date_features=None, ignore_features=None, normalize=False, normalize_method=zscore, transformation=False, transformation_method=yeo-johnson, handle_unknown_categorical=True, unknown_categorical_method=least_frequent, pca=False, pca_method=linear, pca_components=None, ignore_low_variance=False, combine_rare_levels=False, rare_level_threshold=0.1, bin_numeric_features=None, remove_outliers=False, outliers_threshold=0.05, remove_multicollinearity=False, multicollinearity_threshold=0.9, remove_perfect_collinearity=True, create_clusters=False, cluster_iter=20, polynomial_features=False, polynomial_degree=2, trigonometry_features=False, polynomial_threshold=0.1, group_features=None, group_names=None, feature_selection=False, feature_selection_threshold=0.8, feature_selection_method=classic, feature_interaction=False, feature_ratio=False, interaction_threshold=0.01, fix_imbalance=False, fix_imbalance_method=None, transform_target=False, transform_target_method=box-cox, data_split_shuffle=True, data_split_stratify=False, fold_strategy=kfold, fold=10, fold_shuffle=False, fold_groups=None, n_jobs=-1, use_gpu=False, custom_pipeline=None, html=True, session_id=None, log_experiment=False, experiment_name=None, log_plots=False, log_profile=False, log_data=False, silent=False, verbose=True, profile=False, profile_kwargs=None, display=None)
2021-12-09 15:45:39,375:INFO:Checking environment
2021-12-09 15:45:39,375:INFO:python_version: 3.8.5
2021-12-09 15:45:39,375:INFO:python_build: ('default', 'Sep  3 2020 21:29:08')
2021-12-09 15:45:39,375:INFO:machine: AMD64
2021-12-09 15:45:39,375:INFO:platform: Windows-10-10.0.19041-SP0
2021-12-09 15:45:39,375:INFO:Memory: svmem(total=17133969408, available=8934141952, percent=47.9, used=8199827456, free=8934141952)
2021-12-09 15:45:39,375:INFO:Physical Core: 4
2021-12-09 15:45:39,375:INFO:Logical Core: 8
2021-12-09 15:45:39,375:INFO:Checking libraries
2021-12-09 15:45:39,375:INFO:pd==1.3.0
2021-12-09 15:45:39,375:INFO:numpy==1.19.5
2021-12-09 15:45:39,375:INFO:sklearn==0.23.2
2021-12-09 15:45:39,375:INFO:lightgbm==3.2.1
2021-12-09 15:45:39,377:WARNING:catboost not found
2021-12-09 15:45:39,379:WARNING:xgboost not found
2021-12-09 15:45:39,379:INFO:mlflow==1.17.0
2021-12-09 15:45:39,379:INFO:Checking Exceptions
2021-12-09 15:46:29,996:INFO:PyCaret Supervised Module
2021-12-09 15:46:29,996:INFO:ML Usecase: regression
2021-12-09 15:46:29,996:INFO:version 2.3.1
2021-12-09 15:46:29,996:INFO:Initializing setup()
2021-12-09 15:46:29,996:INFO:setup(target=price, ml_usecase=regression, available_plots={'parameter': 'Hyperparameters', 'residuals': 'Residuals', 'error': 'Prediction Error', 'cooks': 'Cooks Distance', 'rfe': 'Feature Selection', 'learning': 'Learning Curve', 'manifold': 'Manifold Learning', 'vc': 'Validation Curve', 'feature': 'Feature Importance', 'feature_all': 'Feature Importance (All)', 'tree': 'Decision Tree', 'residuals_interactive': 'Interactive Residuals'}, train_size=0.7, test_data=None, preprocess=True, imputation_type=simple, iterative_imputation_iters=5, categorical_features=None, categorical_imputation=constant, categorical_iterative_imputer=lightgbm, ordinal_features=None, high_cardinality_features=None, high_cardinality_method=frequency, numeric_features=None, numeric_imputation=mean, numeric_iterative_imputer=lightgbm, date_features=None, ignore_features=None, normalize=False, normalize_method=zscore, transformation=False, transformation_method=yeo-johnson, handle_unknown_categorical=True, unknown_categorical_method=least_frequent, pca=False, pca_method=linear, pca_components=None, ignore_low_variance=False, combine_rare_levels=False, rare_level_threshold=0.1, bin_numeric_features=None, remove_outliers=False, outliers_threshold=0.05, remove_multicollinearity=False, multicollinearity_threshold=0.9, remove_perfect_collinearity=True, create_clusters=False, cluster_iter=20, polynomial_features=False, polynomial_degree=2, trigonometry_features=False, polynomial_threshold=0.1, group_features=None, group_names=None, feature_selection=False, feature_selection_threshold=0.8, feature_selection_method=classic, feature_interaction=False, feature_ratio=False, interaction_threshold=0.01, fix_imbalance=False, fix_imbalance_method=None, transform_target=False, transform_target_method=box-cox, data_split_shuffle=True, data_split_stratify=False, fold_strategy=kfold, fold=10, fold_shuffle=False, fold_groups=None, n_jobs=-1, use_gpu=False, custom_pipeline=None, html=True, session_id=None, log_experiment=False, experiment_name=None, log_plots=False, log_profile=False, log_data=False, silent=False, verbose=True, profile=False, profile_kwargs=None, display=None)
2021-12-09 15:46:29,997:INFO:Checking environment
2021-12-09 15:46:29,997:INFO:python_version: 3.8.5
2021-12-09 15:46:29,997:INFO:python_build: ('default', 'Sep  3 2020 21:29:08')
2021-12-09 15:46:29,997:INFO:machine: AMD64
2021-12-09 15:46:29,997:INFO:platform: Windows-10-10.0.19041-SP0
2021-12-09 15:46:29,997:INFO:Memory: svmem(total=17133969408, available=8917450752, percent=48.0, used=8216518656, free=8917450752)
2021-12-09 15:46:29,997:INFO:Physical Core: 4
2021-12-09 15:46:29,997:INFO:Logical Core: 8
2021-12-09 15:46:29,997:INFO:Checking libraries
2021-12-09 15:46:29,998:INFO:pd==1.3.0
2021-12-09 15:46:29,998:INFO:numpy==1.19.5
2021-12-09 15:46:29,998:INFO:sklearn==0.23.2
2021-12-09 15:46:29,998:INFO:lightgbm==3.2.1
2021-12-09 15:46:29,999:WARNING:catboost not found
2021-12-09 15:46:30,001:WARNING:xgboost not found
2021-12-09 15:46:30,001:INFO:mlflow==1.17.0
2021-12-09 15:46:30,001:INFO:Checking Exceptions
2021-12-09 15:46:30,001:INFO:Declaring global variables
2021-12-09 15:46:30,001:INFO:USI: ac53
2021-12-09 15:46:30,001:INFO:pycaret_globals: {'create_model_container', 'transform_target_param', 'log_plots_param', 'USI', 'y_test', '_all_models', 'fold_groups_param_full', 'n_jobs_param', '_gpu_n_jobs_param', 'logging_param', 'fix_imbalance_param', 'iterative_imputation_iters_param', 'display_container', 'gpu_param', 'X_test', 'target_param', 'data_before_preprocess', 'exp_name_log', '_all_metrics', 'X_train', '_available_plots', 'experiment__', '_all_models_internal', 'fold_generator', 'transform_target_method_param', 'pycaret_globals', 'fix_imbalance_method_param', 'X', 'fold_param', 'html_param', 'imputation_regressor', 'stratify_param', 'imputation_classifier', 'prep_pipe', 'seed', '_ml_usecase', 'fold_groups_param', '_internal_pipeline', 'y', 'y_train', 'fold_shuffle_param', 'master_model_container'}
2021-12-09 15:46:30,002:INFO:Preparing display monitor
2021-12-09 15:46:30,002:INFO:Preparing display monitor
2021-12-09 15:46:30,020:INFO:Importing libraries
2021-12-09 15:46:30,020:INFO:Copying data for preprocessing
2021-12-09 15:46:30,029:INFO:Declaring preprocessing parameters
2021-12-09 15:46:30,032:INFO:Creating preprocessing pipeline
2021-12-09 15:46:30,088:INFO:Preprocessing pipeline created successfully
2021-12-09 15:46:30,088:ERROR:(Process Exit): setup has been interupted with user command 'quit'. setup must rerun.
2021-12-09 15:46:30,088:INFO:Creating global containers
2021-12-09 15:46:30,091:INFO:Internal pipeline: Pipeline(memory=None, steps=[('empty_step', 'passthrough')], verbose=False)
2021-12-09 15:46:50,996:WARNING:Couldn't import xgboost.XGBRegressor
2021-12-09 15:46:50,997:WARNING:Couldn't import catboost.CatBoostRegressor
2021-12-09 15:46:51,116:WARNING:Couldn't import xgboost.XGBRegressor
2021-12-09 15:46:51,118:WARNING:Couldn't import catboost.CatBoostRegressor
2021-12-09 15:46:51,118:INFO:Creating grid variables
2021-12-09 15:46:51,130:INFO:create_model_container: 0
2021-12-09 15:46:51,130:INFO:master_model_container: 0
2021-12-09 15:46:51,130:INFO:display_container: 1
2021-12-09 15:46:51,135:INFO:Pipeline(memory=None,
         steps=[('dtypes',
                 DataTypes_Auto_infer(categorical_features=[],
                                      display_types=True, features_todrop=[],
                                      id_columns=[], ml_usecase='regression',
                                      numerical_features=[], target='price',
                                      time_features=[])),
                ('imputer',
                 Simple_Imputer(categorical_strategy='not_available',
                                fill_value_categorical=None,
                                fill_value_numerical=None,
                                numeric_strategy='...
                ('scaling', 'passthrough'), ('P_transform', 'passthrough'),
                ('binn', 'passthrough'), ('rem_outliers', 'passthrough'),
                ('cluster_all', 'passthrough'),
                ('dummy', Dummify(target='price')),
                ('fix_perfect', Remove_100(target='price')),
                ('clean_names', Clean_Colum_Names()),
                ('feature_select', 'passthrough'), ('fix_multi', 'passthrough'),
                ('dfs', 'passthrough'), ('pca', 'passthrough')],
         verbose=False)
2021-12-09 15:46:51,135:INFO:setup() succesfully completed......................................
2021-12-09 15:47:56,685:INFO:PyCaret Supervised Module
2021-12-09 15:47:56,685:INFO:ML Usecase: regression
2021-12-09 15:47:56,685:INFO:version 2.3.1
2021-12-09 15:47:56,685:INFO:Initializing setup()
2021-12-09 15:47:56,685:INFO:setup(target=price, ml_usecase=regression, available_plots={'parameter': 'Hyperparameters', 'residuals': 'Residuals', 'error': 'Prediction Error', 'cooks': 'Cooks Distance', 'rfe': 'Feature Selection', 'learning': 'Learning Curve', 'manifold': 'Manifold Learning', 'vc': 'Validation Curve', 'feature': 'Feature Importance', 'feature_all': 'Feature Importance (All)', 'tree': 'Decision Tree', 'residuals_interactive': 'Interactive Residuals'}, train_size=0.7, test_data=None, preprocess=True, imputation_type=simple, iterative_imputation_iters=5, categorical_features=None, categorical_imputation=constant, categorical_iterative_imputer=lightgbm, ordinal_features=None, high_cardinality_features=None, high_cardinality_method=frequency, numeric_features=None, numeric_imputation=mean, numeric_iterative_imputer=lightgbm, date_features=None, ignore_features=None, normalize=False, normalize_method=zscore, transformation=False, transformation_method=yeo-johnson, handle_unknown_categorical=True, unknown_categorical_method=least_frequent, pca=False, pca_method=linear, pca_components=None, ignore_low_variance=False, combine_rare_levels=False, rare_level_threshold=0.1, bin_numeric_features=None, remove_outliers=False, outliers_threshold=0.05, remove_multicollinearity=False, multicollinearity_threshold=0.9, remove_perfect_collinearity=True, create_clusters=False, cluster_iter=20, polynomial_features=False, polynomial_degree=2, trigonometry_features=False, polynomial_threshold=0.1, group_features=None, group_names=None, feature_selection=False, feature_selection_threshold=0.8, feature_selection_method=classic, feature_interaction=False, feature_ratio=False, interaction_threshold=0.01, fix_imbalance=False, fix_imbalance_method=None, transform_target=False, transform_target_method=box-cox, data_split_shuffle=True, data_split_stratify=False, fold_strategy=kfold, fold=10, fold_shuffle=False, fold_groups=None, n_jobs=-1, use_gpu=False, custom_pipeline=None, html=True, session_id=None, log_experiment=False, experiment_name=None, log_plots=False, log_profile=False, log_data=False, silent=False, verbose=True, profile=False, profile_kwargs=None, display=None)
2021-12-09 15:47:56,685:INFO:Checking environment
2021-12-09 15:47:56,686:INFO:python_version: 3.8.5
2021-12-09 15:47:56,686:INFO:python_build: ('default', 'Sep  3 2020 21:29:08')
2021-12-09 15:47:56,686:INFO:machine: AMD64
2021-12-09 15:47:56,686:INFO:platform: Windows-10-10.0.19041-SP0
2021-12-09 15:47:56,686:INFO:Memory: svmem(total=17133969408, available=8856416256, percent=48.3, used=8277553152, free=8856416256)
2021-12-09 15:47:56,686:INFO:Physical Core: 4
2021-12-09 15:47:56,686:INFO:Logical Core: 8
2021-12-09 15:47:56,686:INFO:Checking libraries
2021-12-09 15:47:56,686:INFO:pd==1.3.0
2021-12-09 15:47:56,686:INFO:numpy==1.19.5
2021-12-09 15:47:56,686:INFO:sklearn==0.23.2
2021-12-09 15:47:56,686:INFO:lightgbm==3.2.1
2021-12-09 15:47:56,688:WARNING:catboost not found
2021-12-09 15:47:56,689:WARNING:xgboost not found
2021-12-09 15:47:56,689:INFO:mlflow==1.17.0
2021-12-09 15:47:56,689:INFO:Checking Exceptions
2021-12-09 15:47:56,690:INFO:Declaring global variables
2021-12-09 15:47:56,690:INFO:USI: 07ce
2021-12-09 15:47:56,690:INFO:pycaret_globals: {'create_model_container', 'transform_target_param', 'log_plots_param', 'USI', 'y_test', '_all_models', 'fold_groups_param_full', 'n_jobs_param', '_gpu_n_jobs_param', 'logging_param', 'fix_imbalance_param', 'iterative_imputation_iters_param', 'display_container', 'gpu_param', 'X_test', 'target_param', 'data_before_preprocess', 'exp_name_log', '_all_metrics', 'X_train', '_available_plots', 'experiment__', '_all_models_internal', 'fold_generator', 'transform_target_method_param', 'pycaret_globals', 'fix_imbalance_method_param', 'X', 'fold_param', 'html_param', 'imputation_regressor', 'stratify_param', 'imputation_classifier', 'prep_pipe', 'seed', '_ml_usecase', 'fold_groups_param', '_internal_pipeline', 'y', 'y_train', 'fold_shuffle_param', 'master_model_container'}
2021-12-09 15:47:56,690:INFO:Preparing display monitor
2021-12-09 15:47:56,690:INFO:Preparing display monitor
2021-12-09 15:47:56,704:INFO:Importing libraries
2021-12-09 15:47:56,705:INFO:Copying data for preprocessing
2021-12-09 15:47:56,718:INFO:Declaring preprocessing parameters
2021-12-09 15:47:56,721:INFO:Creating preprocessing pipeline
2021-12-09 15:47:56,772:INFO:Preprocessing pipeline created successfully
2021-12-09 15:47:56,772:ERROR:(Process Exit): setup has been interupted with user command 'quit'. setup must rerun.
2021-12-09 15:47:56,773:INFO:Creating global containers
2021-12-09 15:47:56,773:INFO:Internal pipeline: Pipeline(memory=None, steps=[('empty_step', 'passthrough')], verbose=False)
2021-12-09 15:47:59,442:WARNING:Couldn't import xgboost.XGBRegressor
2021-12-09 15:47:59,443:WARNING:Couldn't import catboost.CatBoostRegressor
2021-12-09 15:47:59,558:WARNING:Couldn't import xgboost.XGBRegressor
2021-12-09 15:47:59,560:WARNING:Couldn't import catboost.CatBoostRegressor
2021-12-09 15:47:59,560:INFO:Creating grid variables
2021-12-09 15:47:59,572:INFO:create_model_container: 0
2021-12-09 15:47:59,572:INFO:master_model_container: 0
2021-12-09 15:47:59,572:INFO:display_container: 1
2021-12-09 15:47:59,576:INFO:Pipeline(memory=None,
         steps=[('dtypes',
                 DataTypes_Auto_infer(categorical_features=[],
                                      display_types=True, features_todrop=[],
                                      id_columns=[], ml_usecase='regression',
                                      numerical_features=[], target='price',
                                      time_features=[])),
                ('imputer',
                 Simple_Imputer(categorical_strategy='not_available',
                                fill_value_categorical=None,
                                fill_value_numerical=None,
                                numeric_strategy='...
                ('scaling', 'passthrough'), ('P_transform', 'passthrough'),
                ('binn', 'passthrough'), ('rem_outliers', 'passthrough'),
                ('cluster_all', 'passthrough'),
                ('dummy', Dummify(target='price')),
                ('fix_perfect', Remove_100(target='price')),
                ('clean_names', Clean_Colum_Names()),
                ('feature_select', 'passthrough'), ('fix_multi', 'passthrough'),
                ('dfs', 'passthrough'), ('pca', 'passthrough')],
         verbose=False)
2021-12-09 15:47:59,576:INFO:setup() succesfully completed......................................
2021-12-09 15:48:18,507:INFO:Initializing compare_models()
2021-12-09 15:48:18,507:INFO:compare_models(include=None, fold=None, round=4, cross_validation=True, sort=RMSE, n_select=1, budget_time=None, turbo=True, errors=ignore, fit_kwargs=None, groups=None, verbose=True, display=None, exclude=None)
2021-12-09 15:48:18,508:INFO:Checking exceptions
2021-12-09 15:48:18,508:INFO:Preparing display monitor
2021-12-09 15:48:18,508:INFO:Preparing display monitor
2021-12-09 15:48:18,542:INFO:Initializing Linear Regression
2021-12-09 15:48:18,542:INFO:Total runtime is 0.0 minutes
2021-12-09 15:48:18,553:INFO:SubProcess create_model() called ==================================
2021-12-09 15:48:18,553:INFO:Initializing create_model()
2021-12-09 15:48:18,554:INFO:create_model(estimator=lr, fold=KFold(n_splits=10, random_state=None, shuffle=False), round=4, cross_validation=True, predict=True, fit_kwargs={}, groups=None, refit=False, verbose=False, system=False, metrics=None, display=<pycaret.internal.Display.Display object at 0x000001CC7838F220>, kwargs={})
2021-12-09 15:48:18,554:INFO:Checking exceptions
2021-12-09 15:48:18,554:INFO:Importing libraries
2021-12-09 15:48:18,554:INFO:Copying training dataset
2021-12-09 15:48:18,556:INFO:Defining folds
2021-12-09 15:48:18,556:INFO:Declaring metric variables
2021-12-09 15:48:18,564:INFO:Importing untrained model
2021-12-09 15:48:18,573:INFO:Linear Regression Imported succesfully
2021-12-09 15:48:18,594:INFO:Starting cross validation
2021-12-09 15:48:18,606:INFO:Cross validating with KFold(n_splits=10, random_state=None, shuffle=False), n_jobs=-1
2021-12-09 15:48:26,077:INFO:Calculating mean and std
2021-12-09 15:48:26,080:INFO:Creating metrics dataframe
2021-12-09 15:48:26,088:INFO:Uploading results into container
2021-12-09 15:48:26,088:INFO:Uploading model into container now
2021-12-09 15:48:26,089:INFO:create_model_container: 1
2021-12-09 15:48:26,089:INFO:master_model_container: 1
2021-12-09 15:48:26,089:INFO:display_container: 2
2021-12-09 15:48:26,089:INFO:LinearRegression(copy_X=True, fit_intercept=True, n_jobs=-1, normalize=False)
2021-12-09 15:48:26,089:INFO:create_model() succesfully completed......................................
2021-12-09 15:48:26,301:INFO:SubProcess create_model() end ==================================
2021-12-09 15:48:26,301:INFO:Creating metrics dataframe
2021-12-09 15:48:26,316:INFO:Initializing Lasso Regression
2021-12-09 15:48:26,316:INFO:Total runtime is 0.12957324981689453 minutes
2021-12-09 15:48:26,323:INFO:SubProcess create_model() called ==================================
2021-12-09 15:48:26,324:INFO:Initializing create_model()
2021-12-09 15:48:26,324:INFO:create_model(estimator=lasso, fold=KFold(n_splits=10, random_state=None, shuffle=False), round=4, cross_validation=True, predict=True, fit_kwargs={}, groups=None, refit=False, verbose=False, system=False, metrics=None, display=<pycaret.internal.Display.Display object at 0x000001CC7838F220>, kwargs={})
2021-12-09 15:48:26,324:INFO:Checking exceptions
2021-12-09 15:48:26,324:INFO:Importing libraries
2021-12-09 15:48:26,324:INFO:Copying training dataset
2021-12-09 15:48:26,325:INFO:Defining folds
2021-12-09 15:48:26,325:INFO:Declaring metric variables
2021-12-09 15:48:26,333:INFO:Importing untrained model
2021-12-09 15:48:26,341:INFO:Lasso Regression Imported succesfully
2021-12-09 15:48:26,355:INFO:Starting cross validation
2021-12-09 15:48:26,356:INFO:Cross validating with KFold(n_splits=10, random_state=None, shuffle=False), n_jobs=-1
2021-12-09 15:48:27,435:INFO:Calculating mean and std
2021-12-09 15:48:27,438:INFO:Creating metrics dataframe
2021-12-09 15:48:27,448:INFO:Uploading results into container
2021-12-09 15:48:27,450:INFO:Uploading model into container now
2021-12-09 15:48:27,450:INFO:create_model_container: 2
2021-12-09 15:48:27,451:INFO:master_model_container: 2
2021-12-09 15:48:27,451:INFO:display_container: 2
2021-12-09 15:48:27,452:INFO:Lasso(alpha=1.0, copy_X=True, fit_intercept=True, max_iter=1000,
      normalize=False, positive=False, precompute=False, random_state=5387,
      selection='cyclic', tol=0.0001, warm_start=False)
2021-12-09 15:48:27,452:INFO:create_model() succesfully completed......................................
2021-12-09 15:48:27,668:INFO:SubProcess create_model() end ==================================
2021-12-09 15:48:27,668:INFO:Creating metrics dataframe
2021-12-09 15:48:27,682:INFO:Initializing Ridge Regression
2021-12-09 15:48:27,682:INFO:Total runtime is 0.1523372173309326 minutes
2021-12-09 15:48:27,690:INFO:SubProcess create_model() called ==================================
2021-12-09 15:48:27,690:INFO:Initializing create_model()
2021-12-09 15:48:27,690:INFO:create_model(estimator=ridge, fold=KFold(n_splits=10, random_state=None, shuffle=False), round=4, cross_validation=True, predict=True, fit_kwargs={}, groups=None, refit=False, verbose=False, system=False, metrics=None, display=<pycaret.internal.Display.Display object at 0x000001CC7838F220>, kwargs={})
2021-12-09 15:48:27,690:INFO:Checking exceptions
2021-12-09 15:48:27,690:INFO:Importing libraries
2021-12-09 15:48:27,690:INFO:Copying training dataset
2021-12-09 15:48:27,692:INFO:Defining folds
2021-12-09 15:48:27,692:INFO:Declaring metric variables
2021-12-09 15:48:27,699:INFO:Importing untrained model
2021-12-09 15:48:27,705:INFO:Ridge Regression Imported succesfully
2021-12-09 15:48:27,719:INFO:Starting cross validation
2021-12-09 15:48:27,719:INFO:Cross validating with KFold(n_splits=10, random_state=None, shuffle=False), n_jobs=-1
2021-12-09 15:48:27,903:INFO:Calculating mean and std
2021-12-09 15:48:27,907:INFO:Creating metrics dataframe
2021-12-09 15:48:27,922:INFO:Uploading results into container
2021-12-09 15:48:27,923:INFO:Uploading model into container now
2021-12-09 15:48:27,923:INFO:create_model_container: 3
2021-12-09 15:48:27,923:INFO:master_model_container: 3
2021-12-09 15:48:27,924:INFO:display_container: 2
2021-12-09 15:48:27,925:INFO:Ridge(alpha=1.0, copy_X=True, fit_intercept=True, max_iter=None,
      normalize=False, random_state=5387, solver='auto', tol=0.001)
2021-12-09 15:48:27,925:INFO:create_model() succesfully completed......................................
2021-12-09 15:48:28,146:INFO:SubProcess create_model() end ==================================
2021-12-09 15:48:28,146:INFO:Creating metrics dataframe
2021-12-09 15:48:28,161:INFO:Initializing Elastic Net
2021-12-09 15:48:28,162:INFO:Total runtime is 0.16033254067103067 minutes
2021-12-09 15:48:28,170:INFO:SubProcess create_model() called ==================================
2021-12-09 15:48:28,170:INFO:Initializing create_model()
2021-12-09 15:48:28,171:INFO:create_model(estimator=en, fold=KFold(n_splits=10, random_state=None, shuffle=False), round=4, cross_validation=True, predict=True, fit_kwargs={}, groups=None, refit=False, verbose=False, system=False, metrics=None, display=<pycaret.internal.Display.Display object at 0x000001CC7838F220>, kwargs={})
2021-12-09 15:48:28,171:INFO:Checking exceptions
2021-12-09 15:48:28,171:INFO:Importing libraries
2021-12-09 15:48:28,171:INFO:Copying training dataset
2021-12-09 15:48:28,173:INFO:Defining folds
2021-12-09 15:48:28,173:INFO:Declaring metric variables
2021-12-09 15:48:28,182:INFO:Importing untrained model
2021-12-09 15:48:28,191:INFO:Elastic Net Imported succesfully
2021-12-09 15:48:28,207:INFO:Starting cross validation
2021-12-09 15:48:28,208:INFO:Cross validating with KFold(n_splits=10, random_state=None, shuffle=False), n_jobs=-1
2021-12-09 15:48:29,259:INFO:Calculating mean and std
2021-12-09 15:48:29,260:INFO:Creating metrics dataframe
2021-12-09 15:48:29,263:INFO:Uploading results into container
2021-12-09 15:48:29,263:INFO:Uploading model into container now
2021-12-09 15:48:29,264:INFO:create_model_container: 4
2021-12-09 15:48:29,264:INFO:master_model_container: 4
2021-12-09 15:48:29,264:INFO:display_container: 2
2021-12-09 15:48:29,264:INFO:ElasticNet(alpha=1.0, copy_X=True, fit_intercept=True, l1_ratio=0.5,
           max_iter=1000, normalize=False, positive=False, precompute=False,
           random_state=5387, selection='cyclic', tol=0.0001, warm_start=False)
2021-12-09 15:48:29,264:INFO:create_model() succesfully completed......................................
2021-12-09 15:48:29,478:INFO:SubProcess create_model() end ==================================
2021-12-09 15:48:29,479:INFO:Creating metrics dataframe
2021-12-09 15:48:29,493:INFO:Initializing Least Angle Regression
2021-12-09 15:48:29,493:INFO:Total runtime is 0.18251636425654091 minutes
2021-12-09 15:48:29,501:INFO:SubProcess create_model() called ==================================
2021-12-09 15:48:29,501:INFO:Initializing create_model()
2021-12-09 15:48:29,501:INFO:create_model(estimator=lar, fold=KFold(n_splits=10, random_state=None, shuffle=False), round=4, cross_validation=True, predict=True, fit_kwargs={}, groups=None, refit=False, verbose=False, system=False, metrics=None, display=<pycaret.internal.Display.Display object at 0x000001CC7838F220>, kwargs={})
2021-12-09 15:48:29,501:INFO:Checking exceptions
2021-12-09 15:48:29,501:INFO:Importing libraries
2021-12-09 15:48:29,502:INFO:Copying training dataset
2021-12-09 15:48:29,502:INFO:Defining folds
2021-12-09 15:48:29,502:INFO:Declaring metric variables
2021-12-09 15:48:29,509:INFO:Importing untrained model
2021-12-09 15:48:29,515:INFO:Least Angle Regression Imported succesfully
2021-12-09 15:48:29,530:INFO:Starting cross validation
2021-12-09 15:48:29,531:INFO:Cross validating with KFold(n_splits=10, random_state=None, shuffle=False), n_jobs=-1
2021-12-09 15:48:29,986:WARNING:create_model() for lar raised an exception or returned all 0.0, trying without fit_kwargs:
2021-12-09 15:48:29,991:WARNING:joblib.externals.loky.process_executor._RemoteTraceback: 
"""
Traceback (most recent call last):
  File "C:\Users\good5\Anaconda3\lib\site-packages\joblib\externals\loky\process_executor.py", line 431, in _process_worker
    r = call_item()
  File "C:\Users\good5\Anaconda3\lib\site-packages\joblib\externals\loky\process_executor.py", line 285, in __call__
    return self.fn(*self.args, **self.kwargs)
  File "C:\Users\good5\Anaconda3\lib\site-packages\joblib\_parallel_backends.py", line 595, in __call__
    return self.func(*args, **kwargs)
  File "C:\Users\good5\Anaconda3\lib\site-packages\joblib\parallel.py", line 262, in __call__
    return [func(*args, **kwargs)
  File "C:\Users\good5\Anaconda3\lib\site-packages\joblib\parallel.py", line 262, in <listcomp>
    return [func(*args, **kwargs)
  File "C:\Users\good5\Anaconda3\lib\site-packages\sklearn\model_selection\_validation.py", line 560, in _fit_and_score
    test_scores = _score(estimator, X_test, y_test, scorer)
  File "C:\Users\good5\Anaconda3\lib\site-packages\sklearn\model_selection\_validation.py", line 607, in _score
    scores = scorer(estimator, X_test, y_test)
  File "C:\Users\good5\Anaconda3\lib\site-packages\sklearn\metrics\_scorer.py", line 87, in __call__
    score = scorer._score(cached_call, estimator,
  File "C:\Users\good5\Anaconda3\lib\site-packages\sklearn\metrics\_scorer.py", line 212, in _score
    return self._sign * self._score_func(y_true, y_pred,
  File "C:\Users\good5\Anaconda3\lib\site-packages\sklearn\utils\validation.py", line 72, in inner_f
    return f(**kwargs)
  File "C:\Users\good5\Anaconda3\lib\site-packages\sklearn\metrics\_regression.py", line 178, in mean_absolute_error
    y_type, y_true, y_pred, multioutput = _check_reg_targets(
  File "C:\Users\good5\Anaconda3\lib\site-packages\sklearn\metrics\_regression.py", line 86, in _check_reg_targets
    y_pred = check_array(y_pred, ensure_2d=False, dtype=dtype)
  File "C:\Users\good5\Anaconda3\lib\site-packages\sklearn\utils\validation.py", line 72, in inner_f
    return f(**kwargs)
  File "C:\Users\good5\Anaconda3\lib\site-packages\sklearn\utils\validation.py", line 644, in check_array
    _assert_all_finite(array,
  File "C:\Users\good5\Anaconda3\lib\site-packages\sklearn\utils\validation.py", line 96, in _assert_all_finite
    raise ValueError(
ValueError: Input contains NaN, infinity or a value too large for dtype('float64').
"""

The above exception was the direct cause of the following exception:

Traceback (most recent call last):
  File "C:\Users\good5\Anaconda3\lib\site-packages\pycaret\internal\tabular.py", line 2166, in compare_models
    model, model_fit_time = create_model_supervised(
  File "C:\Users\good5\Anaconda3\lib\site-packages\pycaret\internal\tabular.py", line 3115, in create_model_supervised
    scores = cross_validate(
  File "C:\Users\good5\Anaconda3\lib\site-packages\sklearn\utils\validation.py", line 72, in inner_f
    return f(**kwargs)
  File "C:\Users\good5\Anaconda3\lib\site-packages\sklearn\model_selection\_validation.py", line 242, in cross_validate
    scores = parallel(
  File "C:\Users\good5\Anaconda3\lib\site-packages\joblib\parallel.py", line 1061, in __call__
    self.retrieve()
  File "C:\Users\good5\Anaconda3\lib\site-packages\joblib\parallel.py", line 940, in retrieve
    self._output.extend(job.get(timeout=self.timeout))
  File "C:\Users\good5\Anaconda3\lib\site-packages\joblib\_parallel_backends.py", line 542, in wrap_future_result
    return future.result(timeout=timeout)
  File "C:\Users\good5\Anaconda3\lib\concurrent\futures\_base.py", line 439, in result
    return self.__get_result()
  File "C:\Users\good5\Anaconda3\lib\concurrent\futures\_base.py", line 388, in __get_result
    raise self._exception
ValueError: Input contains NaN, infinity or a value too large for dtype('float64').

2021-12-09 15:48:29,991:INFO:Initializing create_model()
2021-12-09 15:48:29,991:INFO:create_model(estimator=lar, fold=KFold(n_splits=10, random_state=None, shuffle=False), round=4, cross_validation=True, predict=True, fit_kwargs=None, groups=None, refit=False, verbose=False, system=False, metrics=None, display=<pycaret.internal.Display.Display object at 0x000001CC7838F220>, kwargs={})
2021-12-09 15:48:29,991:INFO:Checking exceptions
2021-12-09 15:48:29,992:INFO:Importing libraries
2021-12-09 15:48:29,992:INFO:Copying training dataset
2021-12-09 15:48:29,993:INFO:Defining folds
2021-12-09 15:48:29,993:INFO:Declaring metric variables
2021-12-09 15:48:29,999:INFO:Importing untrained model
2021-12-09 15:48:30,006:INFO:Least Angle Regression Imported succesfully
2021-12-09 15:48:30,020:INFO:Starting cross validation
2021-12-09 15:48:30,020:INFO:Cross validating with KFold(n_splits=10, random_state=None, shuffle=False), n_jobs=-1
2021-12-09 15:48:37,230:ERROR:create_model() for lar raised an exception:
2021-12-09 15:48:37,232:ERROR:joblib.externals.loky.process_executor._RemoteTraceback: 
"""
Traceback (most recent call last):
  File "C:\Users\good5\Anaconda3\lib\site-packages\joblib\externals\loky\process_executor.py", line 431, in _process_worker
    r = call_item()
  File "C:\Users\good5\Anaconda3\lib\site-packages\joblib\externals\loky\process_executor.py", line 285, in __call__
    return self.fn(*self.args, **self.kwargs)
  File "C:\Users\good5\Anaconda3\lib\site-packages\joblib\_parallel_backends.py", line 595, in __call__
    return self.func(*args, **kwargs)
  File "C:\Users\good5\Anaconda3\lib\site-packages\joblib\parallel.py", line 262, in __call__
    return [func(*args, **kwargs)
  File "C:\Users\good5\Anaconda3\lib\site-packages\joblib\parallel.py", line 262, in <listcomp>
    return [func(*args, **kwargs)
  File "C:\Users\good5\Anaconda3\lib\site-packages\sklearn\model_selection\_validation.py", line 560, in _fit_and_score
    test_scores = _score(estimator, X_test, y_test, scorer)
  File "C:\Users\good5\Anaconda3\lib\site-packages\sklearn\model_selection\_validation.py", line 607, in _score
    scores = scorer(estimator, X_test, y_test)
  File "C:\Users\good5\Anaconda3\lib\site-packages\sklearn\metrics\_scorer.py", line 87, in __call__
    score = scorer._score(cached_call, estimator,
  File "C:\Users\good5\Anaconda3\lib\site-packages\sklearn\metrics\_scorer.py", line 212, in _score
    return self._sign * self._score_func(y_true, y_pred,
  File "C:\Users\good5\Anaconda3\lib\site-packages\sklearn\utils\validation.py", line 72, in inner_f
    return f(**kwargs)
  File "C:\Users\good5\Anaconda3\lib\site-packages\sklearn\metrics\_regression.py", line 178, in mean_absolute_error
    y_type, y_true, y_pred, multioutput = _check_reg_targets(
  File "C:\Users\good5\Anaconda3\lib\site-packages\sklearn\metrics\_regression.py", line 86, in _check_reg_targets
    y_pred = check_array(y_pred, ensure_2d=False, dtype=dtype)
  File "C:\Users\good5\Anaconda3\lib\site-packages\sklearn\utils\validation.py", line 72, in inner_f
    return f(**kwargs)
  File "C:\Users\good5\Anaconda3\lib\site-packages\sklearn\utils\validation.py", line 644, in check_array
    _assert_all_finite(array,
  File "C:\Users\good5\Anaconda3\lib\site-packages\sklearn\utils\validation.py", line 96, in _assert_all_finite
    raise ValueError(
ValueError: Input contains NaN, infinity or a value too large for dtype('float64').
"""

The above exception was the direct cause of the following exception:

Traceback (most recent call last):
  File "C:\Users\good5\Anaconda3\lib\site-packages\pycaret\internal\tabular.py", line 2186, in compare_models
    model, model_fit_time = create_model_supervised(
  File "C:\Users\good5\Anaconda3\lib\site-packages\pycaret\internal\tabular.py", line 3115, in create_model_supervised
    scores = cross_validate(
  File "C:\Users\good5\Anaconda3\lib\site-packages\sklearn\utils\validation.py", line 72, in inner_f
    return f(**kwargs)
  File "C:\Users\good5\Anaconda3\lib\site-packages\sklearn\model_selection\_validation.py", line 242, in cross_validate
    scores = parallel(
  File "C:\Users\good5\Anaconda3\lib\site-packages\joblib\parallel.py", line 1061, in __call__
    self.retrieve()
  File "C:\Users\good5\Anaconda3\lib\site-packages\joblib\parallel.py", line 940, in retrieve
    self._output.extend(job.get(timeout=self.timeout))
  File "C:\Users\good5\Anaconda3\lib\site-packages\joblib\_parallel_backends.py", line 542, in wrap_future_result
    return future.result(timeout=timeout)
  File "C:\Users\good5\Anaconda3\lib\concurrent\futures\_base.py", line 439, in result
    return self.__get_result()
  File "C:\Users\good5\Anaconda3\lib\concurrent\futures\_base.py", line 388, in __get_result
    raise self._exception
ValueError: Input contains NaN, infinity or a value too large for dtype('float64').

2021-12-09 15:48:37,232:INFO:Initializing Lasso Least Angle Regression
2021-12-09 15:48:37,232:INFO:Total runtime is 0.3115080118179321 minutes
2021-12-09 15:48:37,240:INFO:SubProcess create_model() called ==================================
2021-12-09 15:48:37,240:INFO:Initializing create_model()
2021-12-09 15:48:37,240:INFO:create_model(estimator=llar, fold=KFold(n_splits=10, random_state=None, shuffle=False), round=4, cross_validation=True, predict=True, fit_kwargs={}, groups=None, refit=False, verbose=False, system=False, metrics=None, display=<pycaret.internal.Display.Display object at 0x000001CC7838F220>, kwargs={})
2021-12-09 15:48:37,240:INFO:Checking exceptions
2021-12-09 15:48:37,241:INFO:Importing libraries
2021-12-09 15:48:37,241:INFO:Copying training dataset
2021-12-09 15:48:37,242:INFO:Defining folds
2021-12-09 15:48:37,242:INFO:Declaring metric variables
2021-12-09 15:48:37,249:INFO:Importing untrained model
2021-12-09 15:48:37,259:INFO:Lasso Least Angle Regression Imported succesfully
2021-12-09 15:48:37,275:INFO:Starting cross validation
2021-12-09 15:48:37,275:INFO:Cross validating with KFold(n_splits=10, random_state=None, shuffle=False), n_jobs=-1
2021-12-09 15:48:44,436:INFO:Calculating mean and std
2021-12-09 15:48:44,440:INFO:Creating metrics dataframe
2021-12-09 15:48:44,458:INFO:Uploading results into container
2021-12-09 15:48:44,459:INFO:Uploading model into container now
2021-12-09 15:48:44,459:INFO:create_model_container: 5
2021-12-09 15:48:44,460:INFO:master_model_container: 5
2021-12-09 15:48:44,460:INFO:display_container: 2
2021-12-09 15:48:44,461:INFO:LassoLars(alpha=1.0, copy_X=True, eps=2.220446049250313e-16, fit_intercept=True,
          fit_path=True, jitter=None, max_iter=500, normalize=True,
          positive=False, precompute='auto', random_state=5387, verbose=False)
2021-12-09 15:48:44,462:INFO:create_model() succesfully completed......................................
2021-12-09 15:48:44,679:INFO:SubProcess create_model() end ==================================
2021-12-09 15:48:44,679:INFO:Creating metrics dataframe
2021-12-09 15:48:44,693:INFO:Initializing Orthogonal Matching Pursuit
2021-12-09 15:48:44,693:INFO:Total runtime is 0.4358473976453145 minutes
2021-12-09 15:48:44,701:INFO:SubProcess create_model() called ==================================
2021-12-09 15:48:44,701:INFO:Initializing create_model()
2021-12-09 15:48:44,701:INFO:create_model(estimator=omp, fold=KFold(n_splits=10, random_state=None, shuffle=False), round=4, cross_validation=True, predict=True, fit_kwargs={}, groups=None, refit=False, verbose=False, system=False, metrics=None, display=<pycaret.internal.Display.Display object at 0x000001CC7838F220>, kwargs={})
2021-12-09 15:48:44,701:INFO:Checking exceptions
2021-12-09 15:48:44,701:INFO:Importing libraries
2021-12-09 15:48:44,701:INFO:Copying training dataset
2021-12-09 15:48:44,702:INFO:Defining folds
2021-12-09 15:48:44,703:INFO:Declaring metric variables
2021-12-09 15:48:44,709:INFO:Importing untrained model
2021-12-09 15:48:44,715:INFO:Orthogonal Matching Pursuit Imported succesfully
2021-12-09 15:48:44,729:INFO:Starting cross validation
2021-12-09 15:48:44,730:INFO:Cross validating with KFold(n_splits=10, random_state=None, shuffle=False), n_jobs=-1
2021-12-09 15:48:44,917:INFO:Calculating mean and std
2021-12-09 15:48:44,922:INFO:Creating metrics dataframe
2021-12-09 15:48:44,938:INFO:Uploading results into container
2021-12-09 15:48:44,939:INFO:Uploading model into container now
2021-12-09 15:48:44,939:INFO:create_model_container: 6
2021-12-09 15:48:44,940:INFO:master_model_container: 6
2021-12-09 15:48:44,940:INFO:display_container: 2
2021-12-09 15:48:44,941:INFO:OrthogonalMatchingPursuit(fit_intercept=True, n_nonzero_coefs=None,
                          normalize=True, precompute='auto', tol=None)
2021-12-09 15:48:44,942:INFO:create_model() succesfully completed......................................
2021-12-09 15:48:45,165:INFO:SubProcess create_model() end ==================================
2021-12-09 15:48:45,165:INFO:Creating metrics dataframe
2021-12-09 15:48:45,179:INFO:Initializing Bayesian Ridge
2021-12-09 15:48:45,179:INFO:Total runtime is 0.44394607941309605 minutes
2021-12-09 15:48:45,186:INFO:SubProcess create_model() called ==================================
2021-12-09 15:48:45,187:INFO:Initializing create_model()
2021-12-09 15:48:45,187:INFO:create_model(estimator=br, fold=KFold(n_splits=10, random_state=None, shuffle=False), round=4, cross_validation=True, predict=True, fit_kwargs={}, groups=None, refit=False, verbose=False, system=False, metrics=None, display=<pycaret.internal.Display.Display object at 0x000001CC7838F220>, kwargs={})
2021-12-09 15:48:45,187:INFO:Checking exceptions
2021-12-09 15:48:45,187:INFO:Importing libraries
2021-12-09 15:48:45,187:INFO:Copying training dataset
2021-12-09 15:48:45,189:INFO:Defining folds
2021-12-09 15:48:45,189:INFO:Declaring metric variables
2021-12-09 15:48:45,196:INFO:Importing untrained model
2021-12-09 15:48:45,203:INFO:Bayesian Ridge Imported succesfully
2021-12-09 15:48:45,218:INFO:Starting cross validation
2021-12-09 15:48:45,218:INFO:Cross validating with KFold(n_splits=10, random_state=None, shuffle=False), n_jobs=-1
2021-12-09 15:48:45,631:INFO:Calculating mean and std
2021-12-09 15:48:45,635:INFO:Creating metrics dataframe
2021-12-09 15:48:45,651:INFO:Uploading results into container
2021-12-09 15:48:45,651:INFO:Uploading model into container now
2021-12-09 15:48:45,652:INFO:create_model_container: 7
2021-12-09 15:48:45,652:INFO:master_model_container: 7
2021-12-09 15:48:45,652:INFO:display_container: 2
2021-12-09 15:48:45,654:INFO:BayesianRidge(alpha_1=1e-06, alpha_2=1e-06, alpha_init=None,
              compute_score=False, copy_X=True, fit_intercept=True,
              lambda_1=1e-06, lambda_2=1e-06, lambda_init=None, n_iter=300,
              normalize=False, tol=0.001, verbose=False)
2021-12-09 15:48:45,654:INFO:create_model() succesfully completed......................................
2021-12-09 15:48:45,871:INFO:SubProcess create_model() end ==================================
2021-12-09 15:48:45,871:INFO:Creating metrics dataframe
2021-12-09 15:48:45,886:INFO:Initializing Passive Aggressive Regressor
2021-12-09 15:48:45,886:INFO:Total runtime is 0.4557357947031656 minutes
2021-12-09 15:48:45,894:INFO:SubProcess create_model() called ==================================
2021-12-09 15:48:45,895:INFO:Initializing create_model()
2021-12-09 15:48:45,895:INFO:create_model(estimator=par, fold=KFold(n_splits=10, random_state=None, shuffle=False), round=4, cross_validation=True, predict=True, fit_kwargs={}, groups=None, refit=False, verbose=False, system=False, metrics=None, display=<pycaret.internal.Display.Display object at 0x000001CC7838F220>, kwargs={})
2021-12-09 15:48:45,895:INFO:Checking exceptions
2021-12-09 15:48:45,895:INFO:Importing libraries
2021-12-09 15:48:45,895:INFO:Copying training dataset
2021-12-09 15:48:45,896:INFO:Defining folds
2021-12-09 15:48:45,896:INFO:Declaring metric variables
2021-12-09 15:48:45,904:INFO:Importing untrained model
2021-12-09 15:48:45,911:INFO:Passive Aggressive Regressor Imported succesfully
2021-12-09 15:48:45,925:INFO:Starting cross validation
2021-12-09 15:48:45,925:INFO:Cross validating with KFold(n_splits=10, random_state=None, shuffle=False), n_jobs=-1
2021-12-09 15:48:46,145:INFO:Calculating mean and std
2021-12-09 15:48:46,148:INFO:Creating metrics dataframe
2021-12-09 15:48:46,163:INFO:Uploading results into container
2021-12-09 15:48:46,164:INFO:Uploading model into container now
2021-12-09 15:48:46,164:INFO:create_model_container: 8
2021-12-09 15:48:46,165:INFO:master_model_container: 8
2021-12-09 15:48:46,165:INFO:display_container: 2
2021-12-09 15:48:46,167:INFO:PassiveAggressiveRegressor(C=1.0, average=False, early_stopping=False,
                           epsilon=0.1, fit_intercept=True,
                           loss='epsilon_insensitive', max_iter=1000,
                           n_iter_no_change=5, random_state=5387, shuffle=True,
                           tol=0.001, validation_fraction=0.1, verbose=0,
                           warm_start=False)
2021-12-09 15:48:46,167:INFO:create_model() succesfully completed......................................
2021-12-09 15:48:46,393:INFO:SubProcess create_model() end ==================================
2021-12-09 15:48:46,393:INFO:Creating metrics dataframe
2021-12-09 15:48:46,408:INFO:Initializing Huber Regressor
2021-12-09 15:48:46,409:INFO:Total runtime is 0.4644461870193481 minutes
2021-12-09 15:48:46,417:INFO:SubProcess create_model() called ==================================
2021-12-09 15:48:46,417:INFO:Initializing create_model()
2021-12-09 15:48:46,417:INFO:create_model(estimator=huber, fold=KFold(n_splits=10, random_state=None, shuffle=False), round=4, cross_validation=True, predict=True, fit_kwargs={}, groups=None, refit=False, verbose=False, system=False, metrics=None, display=<pycaret.internal.Display.Display object at 0x000001CC7838F220>, kwargs={})
2021-12-09 15:48:46,417:INFO:Checking exceptions
2021-12-09 15:48:46,417:INFO:Importing libraries
2021-12-09 15:48:46,417:INFO:Copying training dataset
2021-12-09 15:48:46,419:INFO:Defining folds
2021-12-09 15:48:46,419:INFO:Declaring metric variables
2021-12-09 15:48:46,425:INFO:Importing untrained model
2021-12-09 15:48:46,433:INFO:Huber Regressor Imported succesfully
2021-12-09 15:48:46,446:INFO:Starting cross validation
2021-12-09 15:48:46,447:INFO:Cross validating with KFold(n_splits=10, random_state=None, shuffle=False), n_jobs=-1
2021-12-09 15:48:49,228:INFO:Calculating mean and std
2021-12-09 15:48:49,232:INFO:Creating metrics dataframe
2021-12-09 15:48:49,246:INFO:Uploading results into container
2021-12-09 15:48:49,246:INFO:Uploading model into container now
2021-12-09 15:48:49,246:INFO:create_model_container: 9
2021-12-09 15:48:49,247:INFO:master_model_container: 9
2021-12-09 15:48:49,247:INFO:display_container: 2
2021-12-09 15:48:49,247:INFO:HuberRegressor(alpha=0.0001, epsilon=1.35, fit_intercept=True, max_iter=100,
               tol=1e-05, warm_start=False)
2021-12-09 15:48:49,248:INFO:create_model() succesfully completed......................................
2021-12-09 15:48:49,460:INFO:SubProcess create_model() end ==================================
2021-12-09 15:48:49,460:INFO:Creating metrics dataframe
2021-12-09 15:48:49,476:INFO:Initializing K Neighbors Regressor
2021-12-09 15:48:49,476:INFO:Total runtime is 0.5155636191368103 minutes
2021-12-09 15:48:49,484:INFO:SubProcess create_model() called ==================================
2021-12-09 15:48:49,484:INFO:Initializing create_model()
2021-12-09 15:48:49,484:INFO:create_model(estimator=knn, fold=KFold(n_splits=10, random_state=None, shuffle=False), round=4, cross_validation=True, predict=True, fit_kwargs={}, groups=None, refit=False, verbose=False, system=False, metrics=None, display=<pycaret.internal.Display.Display object at 0x000001CC7838F220>, kwargs={})
2021-12-09 15:48:49,484:INFO:Checking exceptions
2021-12-09 15:48:49,484:INFO:Importing libraries
2021-12-09 15:48:49,485:INFO:Copying training dataset
2021-12-09 15:48:49,486:INFO:Defining folds
2021-12-09 15:48:49,486:INFO:Declaring metric variables
2021-12-09 15:48:49,493:INFO:Importing untrained model
2021-12-09 15:48:49,501:INFO:K Neighbors Regressor Imported succesfully
2021-12-09 15:48:49,519:INFO:Starting cross validation
2021-12-09 15:48:49,520:INFO:Cross validating with KFold(n_splits=10, random_state=None, shuffle=False), n_jobs=-1
2021-12-09 15:48:49,984:INFO:Calculating mean and std
2021-12-09 15:48:49,988:INFO:Creating metrics dataframe
2021-12-09 15:48:50,002:INFO:Uploading results into container
2021-12-09 15:48:50,003:INFO:Uploading model into container now
2021-12-09 15:48:50,003:INFO:create_model_container: 10
2021-12-09 15:48:50,003:INFO:master_model_container: 10
2021-12-09 15:48:50,004:INFO:display_container: 2
2021-12-09 15:48:50,005:INFO:KNeighborsRegressor(algorithm='auto', leaf_size=30, metric='minkowski',
                    metric_params=None, n_jobs=-1, n_neighbors=5, p=2,
                    weights='uniform')
2021-12-09 15:48:50,005:INFO:create_model() succesfully completed......................................
2021-12-09 15:48:50,233:INFO:SubProcess create_model() end ==================================
2021-12-09 15:48:50,233:INFO:Creating metrics dataframe
2021-12-09 15:48:50,249:INFO:Initializing Decision Tree Regressor
2021-12-09 15:48:50,250:INFO:Total runtime is 0.528471318880717 minutes
2021-12-09 15:48:50,257:INFO:SubProcess create_model() called ==================================
2021-12-09 15:48:50,257:INFO:Initializing create_model()
2021-12-09 15:48:50,257:INFO:create_model(estimator=dt, fold=KFold(n_splits=10, random_state=None, shuffle=False), round=4, cross_validation=True, predict=True, fit_kwargs={}, groups=None, refit=False, verbose=False, system=False, metrics=None, display=<pycaret.internal.Display.Display object at 0x000001CC7838F220>, kwargs={})
2021-12-09 15:48:50,257:INFO:Checking exceptions
2021-12-09 15:48:50,258:INFO:Importing libraries
2021-12-09 15:48:50,258:INFO:Copying training dataset
2021-12-09 15:48:50,259:INFO:Defining folds
2021-12-09 15:48:50,260:INFO:Declaring metric variables
2021-12-09 15:48:50,266:INFO:Importing untrained model
2021-12-09 15:48:50,273:INFO:Decision Tree Regressor Imported succesfully
2021-12-09 15:48:50,286:INFO:Starting cross validation
2021-12-09 15:48:50,287:INFO:Cross validating with KFold(n_splits=10, random_state=None, shuffle=False), n_jobs=-1
2021-12-09 15:48:50,601:INFO:Calculating mean and std
2021-12-09 15:48:50,605:INFO:Creating metrics dataframe
2021-12-09 15:48:50,620:INFO:Uploading results into container
2021-12-09 15:48:50,621:INFO:Uploading model into container now
2021-12-09 15:48:50,621:INFO:create_model_container: 11
2021-12-09 15:48:50,622:INFO:master_model_container: 11
2021-12-09 15:48:50,622:INFO:display_container: 2
2021-12-09 15:48:50,623:INFO:DecisionTreeRegressor(ccp_alpha=0.0, criterion='mse', max_depth=None,
                      max_features=None, max_leaf_nodes=None,
                      min_impurity_decrease=0.0, min_impurity_split=None,
                      min_samples_leaf=1, min_samples_split=2,
                      min_weight_fraction_leaf=0.0, presort='deprecated',
                      random_state=5387, splitter='best')
2021-12-09 15:48:50,624:INFO:create_model() succesfully completed......................................
2021-12-09 15:48:50,845:INFO:SubProcess create_model() end ==================================
2021-12-09 15:48:50,845:INFO:Creating metrics dataframe
2021-12-09 15:48:50,862:INFO:Initializing Random Forest Regressor
2021-12-09 15:48:50,863:INFO:Total runtime is 0.5386805574099223 minutes
2021-12-09 15:48:50,871:INFO:SubProcess create_model() called ==================================
2021-12-09 15:48:50,872:INFO:Initializing create_model()
2021-12-09 15:48:50,872:INFO:create_model(estimator=rf, fold=KFold(n_splits=10, random_state=None, shuffle=False), round=4, cross_validation=True, predict=True, fit_kwargs={}, groups=None, refit=False, verbose=False, system=False, metrics=None, display=<pycaret.internal.Display.Display object at 0x000001CC7838F220>, kwargs={})
2021-12-09 15:48:50,872:INFO:Checking exceptions
2021-12-09 15:48:50,872:INFO:Importing libraries
2021-12-09 15:48:50,872:INFO:Copying training dataset
2021-12-09 15:48:50,874:INFO:Defining folds
2021-12-09 15:48:50,874:INFO:Declaring metric variables
2021-12-09 15:48:50,881:INFO:Importing untrained model
2021-12-09 15:48:50,888:INFO:Random Forest Regressor Imported succesfully
2021-12-09 15:48:50,904:INFO:Starting cross validation
2021-12-09 15:48:50,904:INFO:Cross validating with KFold(n_splits=10, random_state=None, shuffle=False), n_jobs=-1
2021-12-09 15:48:59,191:INFO:Calculating mean and std
2021-12-09 15:48:59,196:INFO:Creating metrics dataframe
2021-12-09 15:48:59,209:INFO:Uploading results into container
2021-12-09 15:48:59,210:INFO:Uploading model into container now
2021-12-09 15:48:59,210:INFO:create_model_container: 12
2021-12-09 15:48:59,210:INFO:master_model_container: 12
2021-12-09 15:48:59,210:INFO:display_container: 2
2021-12-09 15:48:59,211:INFO:RandomForestRegressor(bootstrap=True, ccp_alpha=0.0, criterion='mse',
                      max_depth=None, max_features='auto', max_leaf_nodes=None,
                      max_samples=None, min_impurity_decrease=0.0,
                      min_impurity_split=None, min_samples_leaf=1,
                      min_samples_split=2, min_weight_fraction_leaf=0.0,
                      n_estimators=100, n_jobs=-1, oob_score=False,
                      random_state=5387, verbose=0, warm_start=False)
2021-12-09 15:48:59,212:INFO:create_model() succesfully completed......................................
2021-12-09 15:48:59,555:INFO:SubProcess create_model() end ==================================
2021-12-09 15:48:59,555:INFO:Creating metrics dataframe
2021-12-09 15:48:59,572:INFO:Initializing Extra Trees Regressor
2021-12-09 15:48:59,572:INFO:Total runtime is 0.6838283856709798 minutes
2021-12-09 15:48:59,580:INFO:SubProcess create_model() called ==================================
2021-12-09 15:48:59,580:INFO:Initializing create_model()
2021-12-09 15:48:59,580:INFO:create_model(estimator=et, fold=KFold(n_splits=10, random_state=None, shuffle=False), round=4, cross_validation=True, predict=True, fit_kwargs={}, groups=None, refit=False, verbose=False, system=False, metrics=None, display=<pycaret.internal.Display.Display object at 0x000001CC7838F220>, kwargs={})
2021-12-09 15:48:59,580:INFO:Checking exceptions
2021-12-09 15:48:59,581:INFO:Importing libraries
2021-12-09 15:48:59,581:INFO:Copying training dataset
2021-12-09 15:48:59,582:INFO:Defining folds
2021-12-09 15:48:59,582:INFO:Declaring metric variables
2021-12-09 15:48:59,589:INFO:Importing untrained model
2021-12-09 15:48:59,596:INFO:Extra Trees Regressor Imported succesfully
2021-12-09 15:48:59,617:INFO:Starting cross validation
2021-12-09 15:48:59,618:INFO:Cross validating with KFold(n_splits=10, random_state=None, shuffle=False), n_jobs=-1
2021-12-09 15:49:07,619:INFO:Calculating mean and std
2021-12-09 15:49:07,623:INFO:Creating metrics dataframe
2021-12-09 15:49:07,637:INFO:Uploading results into container
2021-12-09 15:49:07,637:INFO:Uploading model into container now
2021-12-09 15:49:07,638:INFO:create_model_container: 13
2021-12-09 15:49:07,638:INFO:master_model_container: 13
2021-12-09 15:49:07,638:INFO:display_container: 2
2021-12-09 15:49:07,639:INFO:ExtraTreesRegressor(bootstrap=False, ccp_alpha=0.0, criterion='mse',
                    max_depth=None, max_features='auto', max_leaf_nodes=None,
                    max_samples=None, min_impurity_decrease=0.0,
                    min_impurity_split=None, min_samples_leaf=1,
                    min_samples_split=2, min_weight_fraction_leaf=0.0,
                    n_estimators=100, n_jobs=-1, oob_score=False,
                    random_state=5387, verbose=0, warm_start=False)
2021-12-09 15:49:07,640:INFO:create_model() succesfully completed......................................
2021-12-09 15:49:07,841:INFO:SubProcess create_model() end ==================================
2021-12-09 15:49:07,841:INFO:Creating metrics dataframe
2021-12-09 15:49:07,858:INFO:Initializing AdaBoost Regressor
2021-12-09 15:49:07,859:INFO:Total runtime is 0.8219515482584635 minutes
2021-12-09 15:49:07,866:INFO:SubProcess create_model() called ==================================
2021-12-09 15:49:07,867:INFO:Initializing create_model()
2021-12-09 15:49:07,867:INFO:create_model(estimator=ada, fold=KFold(n_splits=10, random_state=None, shuffle=False), round=4, cross_validation=True, predict=True, fit_kwargs={}, groups=None, refit=False, verbose=False, system=False, metrics=None, display=<pycaret.internal.Display.Display object at 0x000001CC7838F220>, kwargs={})
2021-12-09 15:49:07,867:INFO:Checking exceptions
2021-12-09 15:49:07,867:INFO:Importing libraries
2021-12-09 15:49:07,867:INFO:Copying training dataset
2021-12-09 15:49:07,868:INFO:Defining folds
2021-12-09 15:49:07,868:INFO:Declaring metric variables
2021-12-09 15:49:07,877:INFO:Importing untrained model
2021-12-09 15:49:07,885:INFO:AdaBoost Regressor Imported succesfully
2021-12-09 15:49:07,902:INFO:Starting cross validation
2021-12-09 15:49:07,903:INFO:Cross validating with KFold(n_splits=10, random_state=None, shuffle=False), n_jobs=-1
2021-12-09 15:49:09,866:INFO:Calculating mean and std
2021-12-09 15:49:09,869:INFO:Creating metrics dataframe
2021-12-09 15:49:09,874:INFO:Uploading results into container
2021-12-09 15:49:09,875:INFO:Uploading model into container now
2021-12-09 15:49:09,875:INFO:create_model_container: 14
2021-12-09 15:49:09,875:INFO:master_model_container: 14
2021-12-09 15:49:09,875:INFO:display_container: 2
2021-12-09 15:49:09,876:INFO:AdaBoostRegressor(base_estimator=None, learning_rate=1.0, loss='linear',
                  n_estimators=50, random_state=5387)
2021-12-09 15:49:09,876:INFO:create_model() succesfully completed......................................
2021-12-09 15:49:10,093:INFO:SubProcess create_model() end ==================================
2021-12-09 15:49:10,093:INFO:Creating metrics dataframe
2021-12-09 15:49:10,112:INFO:Initializing Gradient Boosting Regressor
2021-12-09 15:49:10,112:INFO:Total runtime is 0.8595029870669046 minutes
2021-12-09 15:49:10,120:INFO:SubProcess create_model() called ==================================
2021-12-09 15:49:10,120:INFO:Initializing create_model()
2021-12-09 15:49:10,120:INFO:create_model(estimator=gbr, fold=KFold(n_splits=10, random_state=None, shuffle=False), round=4, cross_validation=True, predict=True, fit_kwargs={}, groups=None, refit=False, verbose=False, system=False, metrics=None, display=<pycaret.internal.Display.Display object at 0x000001CC7838F220>, kwargs={})
2021-12-09 15:49:10,120:INFO:Checking exceptions
2021-12-09 15:49:10,121:INFO:Importing libraries
2021-12-09 15:49:10,121:INFO:Copying training dataset
2021-12-09 15:49:10,122:INFO:Defining folds
2021-12-09 15:49:10,122:INFO:Declaring metric variables
2021-12-09 15:49:10,129:INFO:Importing untrained model
2021-12-09 15:49:10,137:INFO:Gradient Boosting Regressor Imported succesfully
2021-12-09 15:49:10,155:INFO:Starting cross validation
2021-12-09 15:49:10,156:INFO:Cross validating with KFold(n_splits=10, random_state=None, shuffle=False), n_jobs=-1
2021-12-09 15:49:12,853:INFO:Calculating mean and std
2021-12-09 15:49:12,857:INFO:Creating metrics dataframe
2021-12-09 15:49:12,877:INFO:Uploading results into container
2021-12-09 15:49:12,878:INFO:Uploading model into container now
2021-12-09 15:49:12,878:INFO:create_model_container: 15
2021-12-09 15:49:12,879:INFO:master_model_container: 15
2021-12-09 15:49:12,879:INFO:display_container: 2
2021-12-09 15:49:12,882:INFO:GradientBoostingRegressor(alpha=0.9, ccp_alpha=0.0, criterion='friedman_mse',
                          init=None, learning_rate=0.1, loss='ls', max_depth=3,
                          max_features=None, max_leaf_nodes=None,
                          min_impurity_decrease=0.0, min_impurity_split=None,
                          min_samples_leaf=1, min_samples_split=2,
                          min_weight_fraction_leaf=0.0, n_estimators=100,
                          n_iter_no_change=None, presort='deprecated',
                          random_state=5387, subsample=1.0, tol=0.0001,
                          validation_fraction=0.1, verbose=0, warm_start=False)
2021-12-09 15:49:12,882:INFO:create_model() succesfully completed......................................
2021-12-09 15:49:13,086:INFO:SubProcess create_model() end ==================================
2021-12-09 15:49:13,086:INFO:Creating metrics dataframe
2021-12-09 15:49:13,103:INFO:Initializing Light Gradient Boosting Machine
2021-12-09 15:49:13,103:INFO:Total runtime is 0.9093458970387777 minutes
2021-12-09 15:49:13,110:INFO:SubProcess create_model() called ==================================
2021-12-09 15:49:13,111:INFO:Initializing create_model()
2021-12-09 15:49:13,111:INFO:create_model(estimator=lightgbm, fold=KFold(n_splits=10, random_state=None, shuffle=False), round=4, cross_validation=True, predict=True, fit_kwargs={}, groups=None, refit=False, verbose=False, system=False, metrics=None, display=<pycaret.internal.Display.Display object at 0x000001CC7838F220>, kwargs={})
2021-12-09 15:49:13,111:INFO:Checking exceptions
2021-12-09 15:49:13,111:INFO:Importing libraries
2021-12-09 15:49:13,111:INFO:Copying training dataset
2021-12-09 15:49:13,112:INFO:Defining folds
2021-12-09 15:49:13,113:INFO:Declaring metric variables
2021-12-09 15:49:13,121:INFO:Importing untrained model
2021-12-09 15:49:13,130:INFO:Light Gradient Boosting Machine Imported succesfully
2021-12-09 15:49:13,146:INFO:Starting cross validation
2021-12-09 15:49:13,146:INFO:Cross validating with KFold(n_splits=10, random_state=None, shuffle=False), n_jobs=-1
2021-12-09 15:49:14,840:INFO:Calculating mean and std
2021-12-09 15:49:14,842:INFO:Creating metrics dataframe
2021-12-09 15:49:14,850:INFO:Uploading results into container
2021-12-09 15:49:14,850:INFO:Uploading model into container now
2021-12-09 15:49:14,850:INFO:create_model_container: 16
2021-12-09 15:49:14,850:INFO:master_model_container: 16
2021-12-09 15:49:14,850:INFO:display_container: 2
2021-12-09 15:49:14,851:INFO:LGBMRegressor(boosting_type='gbdt', class_weight=None, colsample_bytree=1.0,
              importance_type='split', learning_rate=0.1, max_depth=-1,
              min_child_samples=20, min_child_weight=0.001, min_split_gain=0.0,
              n_estimators=100, n_jobs=-1, num_leaves=31, objective=None,
              random_state=5387, reg_alpha=0.0, reg_lambda=0.0, silent=True,
              subsample=1.0, subsample_for_bin=200000, subsample_freq=0)
2021-12-09 15:49:14,851:INFO:create_model() succesfully completed......................................
2021-12-09 15:49:15,051:INFO:SubProcess create_model() end ==================================
2021-12-09 15:49:15,052:INFO:Creating metrics dataframe
2021-12-09 15:49:15,087:INFO:Initializing create_model()
2021-12-09 15:49:15,087:INFO:create_model(estimator=LGBMRegressor(boosting_type='gbdt', class_weight=None, colsample_bytree=1.0,
              importance_type='split', learning_rate=0.1, max_depth=-1,
              min_child_samples=20, min_child_weight=0.001, min_split_gain=0.0,
              n_estimators=100, n_jobs=-1, num_leaves=31, objective=None,
              random_state=5387, reg_alpha=0.0, reg_lambda=0.0, silent=True,
              subsample=1.0, subsample_for_bin=200000, subsample_freq=0), fold=KFold(n_splits=10, random_state=None, shuffle=False), round=4, cross_validation=False, predict=False, fit_kwargs={}, groups=None, refit=True, verbose=False, system=False, metrics=None, display=None, kwargs={})
2021-12-09 15:49:15,088:INFO:Checking exceptions
2021-12-09 15:49:15,088:INFO:Importing libraries
2021-12-09 15:49:15,088:INFO:Copying training dataset
2021-12-09 15:49:15,089:INFO:Defining folds
2021-12-09 15:49:15,089:INFO:Declaring metric variables
2021-12-09 15:49:15,089:INFO:Importing untrained model
2021-12-09 15:49:15,089:INFO:Declaring custom model
2021-12-09 15:49:15,090:INFO:Light Gradient Boosting Machine Imported succesfully
2021-12-09 15:49:15,090:INFO:Cross validation set to False
2021-12-09 15:49:15,090:INFO:Fitting Model
2021-12-09 15:49:15,230:INFO:LGBMRegressor(boosting_type='gbdt', class_weight=None, colsample_bytree=1.0,
              importance_type='split', learning_rate=0.1, max_depth=-1,
              min_child_samples=20, min_child_weight=0.001, min_split_gain=0.0,
              n_estimators=100, n_jobs=-1, num_leaves=31, objective=None,
              random_state=5387, reg_alpha=0.0, reg_lambda=0.0, silent=True,
              subsample=1.0, subsample_for_bin=200000, subsample_freq=0)
2021-12-09 15:49:15,230:INFO:create_models() succesfully completed......................................
2021-12-09 15:49:15,505:INFO:create_model_container: 16
2021-12-09 15:49:15,505:INFO:master_model_container: 16
2021-12-09 15:49:15,505:INFO:display_container: 2
2021-12-09 15:49:15,506:INFO:LGBMRegressor(boosting_type='gbdt', class_weight=None, colsample_bytree=1.0,
              importance_type='split', learning_rate=0.1, max_depth=-1,
              min_child_samples=20, min_child_weight=0.001, min_split_gain=0.0,
              n_estimators=100, n_jobs=-1, num_leaves=31, objective=None,
              random_state=5387, reg_alpha=0.0, reg_lambda=0.0, silent=True,
              subsample=1.0, subsample_for_bin=200000, subsample_freq=0)
2021-12-09 15:49:15,506:INFO:compare_models() succesfully completed......................................
2021-12-09 22:51:04,090:INFO:PyCaret Supervised Module
2021-12-09 22:51:04,091:INFO:ML Usecase: regression
2021-12-09 22:51:04,091:INFO:version 2.3.1
2021-12-09 22:51:04,091:INFO:Initializing setup()
2021-12-09 22:51:04,091:INFO:setup(target=price, ml_usecase=regression, available_plots={'parameter': 'Hyperparameters', 'residuals': 'Residuals', 'error': 'Prediction Error', 'cooks': 'Cooks Distance', 'rfe': 'Feature Selection', 'learning': 'Learning Curve', 'manifold': 'Manifold Learning', 'vc': 'Validation Curve', 'feature': 'Feature Importance', 'feature_all': 'Feature Importance (All)', 'tree': 'Decision Tree', 'residuals_interactive': 'Interactive Residuals'}, train_size=0.7, test_data=None, preprocess=True, imputation_type=simple, iterative_imputation_iters=5, categorical_features=None, categorical_imputation=constant, categorical_iterative_imputer=lightgbm, ordinal_features=None, high_cardinality_features=None, high_cardinality_method=frequency, numeric_features=None, numeric_imputation=mean, numeric_iterative_imputer=lightgbm, date_features=None, ignore_features=None, normalize=False, normalize_method=zscore, transformation=False, transformation_method=yeo-johnson, handle_unknown_categorical=True, unknown_categorical_method=least_frequent, pca=False, pca_method=linear, pca_components=None, ignore_low_variance=False, combine_rare_levels=False, rare_level_threshold=0.1, bin_numeric_features=None, remove_outliers=False, outliers_threshold=0.05, remove_multicollinearity=False, multicollinearity_threshold=0.9, remove_perfect_collinearity=True, create_clusters=False, cluster_iter=20, polynomial_features=False, polynomial_degree=2, trigonometry_features=False, polynomial_threshold=0.1, group_features=None, group_names=None, feature_selection=False, feature_selection_threshold=0.8, feature_selection_method=classic, feature_interaction=False, feature_ratio=False, interaction_threshold=0.01, fix_imbalance=False, fix_imbalance_method=None, transform_target=False, transform_target_method=box-cox, data_split_shuffle=True, data_split_stratify=False, fold_strategy=kfold, fold=10, fold_shuffle=False, fold_groups=None, n_jobs=-1, use_gpu=False, custom_pipeline=None, html=True, session_id=None, log_experiment=False, experiment_name=None, log_plots=False, log_profile=False, log_data=False, silent=False, verbose=True, profile=False, profile_kwargs=None, display=None)
2021-12-09 22:51:04,091:INFO:Checking environment
2021-12-09 22:51:04,091:INFO:python_version: 3.8.5
2021-12-09 22:51:04,091:INFO:python_build: ('default', 'Sep  3 2020 21:29:08')
2021-12-09 22:51:04,092:INFO:machine: AMD64
2021-12-09 22:51:04,092:INFO:platform: Windows-10-10.0.19041-SP0
2021-12-09 22:51:04,092:INFO:Memory: svmem(total=17133969408, available=9196838912, percent=46.3, used=7937130496, free=9196838912)
2021-12-09 22:51:04,092:INFO:Physical Core: 4
2021-12-09 22:51:04,092:INFO:Logical Core: 8
2021-12-09 22:51:04,092:INFO:Checking libraries
2021-12-09 22:51:04,092:INFO:pd==1.3.0
2021-12-09 22:51:04,093:INFO:numpy==1.19.5
2021-12-09 22:51:04,093:INFO:sklearn==0.23.2
2021-12-09 22:51:04,093:INFO:lightgbm==3.2.1
2021-12-09 22:51:04,095:WARNING:catboost not found
2021-12-09 22:51:04,096:WARNING:xgboost not found
2021-12-09 22:51:04,096:INFO:mlflow==1.17.0
2021-12-09 22:51:04,097:INFO:Checking Exceptions
2021-12-09 22:51:04,097:INFO:Declaring global variables
2021-12-09 22:51:04,097:INFO:USI: 658e
2021-12-09 22:51:04,097:INFO:pycaret_globals: {'create_model_container', 'transform_target_param', 'log_plots_param', 'USI', 'y_test', '_all_models', 'fold_groups_param_full', 'n_jobs_param', '_gpu_n_jobs_param', 'logging_param', 'fix_imbalance_param', 'iterative_imputation_iters_param', 'display_container', 'gpu_param', 'X_test', 'target_param', 'data_before_preprocess', 'exp_name_log', '_all_metrics', 'X_train', '_available_plots', 'experiment__', '_all_models_internal', 'fold_generator', 'transform_target_method_param', 'pycaret_globals', 'fix_imbalance_method_param', 'X', 'fold_param', 'html_param', 'imputation_regressor', 'stratify_param', 'imputation_classifier', 'prep_pipe', 'seed', '_ml_usecase', 'fold_groups_param', '_internal_pipeline', 'y', 'y_train', 'fold_shuffle_param', 'master_model_container'}
2021-12-09 22:51:04,097:INFO:Preparing display monitor
2021-12-09 22:51:04,097:INFO:Preparing display monitor
2021-12-09 22:51:04,112:INFO:Importing libraries
2021-12-09 22:51:04,112:INFO:Copying data for preprocessing
2021-12-09 22:51:04,123:INFO:Declaring preprocessing parameters
2021-12-09 22:51:04,127:INFO:Creating preprocessing pipeline
2021-12-09 22:51:04,382:INFO:Preprocessing pipeline created successfully
2021-12-09 22:51:04,382:ERROR:(Process Exit): setup has been interupted with user command 'quit'. setup must rerun.
2021-12-09 22:51:04,383:INFO:Creating global containers
2021-12-09 22:51:04,383:INFO:Internal pipeline: Pipeline(memory=None, steps=[('empty_step', 'passthrough')], verbose=False)
2021-12-09 22:51:11,928:WARNING:Couldn't import xgboost.XGBRegressor
2021-12-09 22:51:11,929:WARNING:Couldn't import catboost.CatBoostRegressor
2021-12-09 22:51:12,099:WARNING:Couldn't import xgboost.XGBRegressor
2021-12-09 22:51:12,102:WARNING:Couldn't import catboost.CatBoostRegressor
2021-12-09 22:51:12,103:INFO:Creating grid variables
2021-12-09 22:51:12,126:INFO:create_model_container: 0
2021-12-09 22:51:12,126:INFO:master_model_container: 0
2021-12-09 22:51:12,126:INFO:display_container: 1
2021-12-09 22:51:12,133:INFO:Pipeline(memory=None,
         steps=[('dtypes',
                 DataTypes_Auto_infer(categorical_features=[],
                                      display_types=True, features_todrop=[],
                                      id_columns=[], ml_usecase='regression',
                                      numerical_features=[], target='price',
                                      time_features=[])),
                ('imputer',
                 Simple_Imputer(categorical_strategy='not_available',
                                fill_value_categorical=None,
                                fill_value_numerical=None,
                                numeric_strategy='...
                ('scaling', 'passthrough'), ('P_transform', 'passthrough'),
                ('binn', 'passthrough'), ('rem_outliers', 'passthrough'),
                ('cluster_all', 'passthrough'),
                ('dummy', Dummify(target='price')),
                ('fix_perfect', Remove_100(target='price')),
                ('clean_names', Clean_Colum_Names()),
                ('feature_select', 'passthrough'), ('fix_multi', 'passthrough'),
                ('dfs', 'passthrough'), ('pca', 'passthrough')],
         verbose=False)
2021-12-09 22:51:12,133:INFO:setup() succesfully completed......................................
2021-12-12 17:24:10,770:INFO:PyCaret Supervised Module
2021-12-12 17:24:10,770:INFO:ML Usecase: regression
2021-12-12 17:24:10,770:INFO:version 2.3.1
2021-12-12 17:24:10,770:INFO:Initializing setup()
2021-12-12 17:24:10,770:INFO:setup(target=price, ml_usecase=regression, available_plots={'parameter': 'Hyperparameters', 'residuals': 'Residuals', 'error': 'Prediction Error', 'cooks': 'Cooks Distance', 'rfe': 'Feature Selection', 'learning': 'Learning Curve', 'manifold': 'Manifold Learning', 'vc': 'Validation Curve', 'feature': 'Feature Importance', 'feature_all': 'Feature Importance (All)', 'tree': 'Decision Tree', 'residuals_interactive': 'Interactive Residuals'}, train_size=0.7, test_data=None, preprocess=True, imputation_type=simple, iterative_imputation_iters=5, categorical_features=None, categorical_imputation=constant, categorical_iterative_imputer=lightgbm, ordinal_features=None, high_cardinality_features=None, high_cardinality_method=frequency, numeric_features=None, numeric_imputation=mean, numeric_iterative_imputer=lightgbm, date_features=None, ignore_features=None, normalize=False, normalize_method=zscore, transformation=False, transformation_method=yeo-johnson, handle_unknown_categorical=True, unknown_categorical_method=least_frequent, pca=False, pca_method=linear, pca_components=None, ignore_low_variance=False, combine_rare_levels=False, rare_level_threshold=0.1, bin_numeric_features=None, remove_outliers=False, outliers_threshold=0.05, remove_multicollinearity=False, multicollinearity_threshold=0.9, remove_perfect_collinearity=True, create_clusters=False, cluster_iter=20, polynomial_features=False, polynomial_degree=2, trigonometry_features=False, polynomial_threshold=0.1, group_features=None, group_names=None, feature_selection=False, feature_selection_threshold=0.8, feature_selection_method=classic, feature_interaction=False, feature_ratio=False, interaction_threshold=0.01, fix_imbalance=False, fix_imbalance_method=None, transform_target=False, transform_target_method=box-cox, data_split_shuffle=True, data_split_stratify=False, fold_strategy=kfold, fold=10, fold_shuffle=False, fold_groups=None, n_jobs=-1, use_gpu=False, custom_pipeline=None, html=True, session_id=None, log_experiment=False, experiment_name=None, log_plots=False, log_profile=False, log_data=False, silent=False, verbose=True, profile=False, profile_kwargs=None, display=None)
2021-12-12 17:24:10,770:INFO:Checking environment
2021-12-12 17:24:10,770:INFO:python_version: 3.8.5
2021-12-12 17:24:10,771:INFO:python_build: ('default', 'Sep  3 2020 21:29:08')
2021-12-12 17:24:10,771:INFO:machine: AMD64
2021-12-12 17:24:10,771:INFO:platform: Windows-10-10.0.19041-SP0
2021-12-12 17:24:10,771:INFO:Memory: svmem(total=17133969408, available=8942153728, percent=47.8, used=8191815680, free=8942153728)
2021-12-12 17:24:10,771:INFO:Physical Core: 4
2021-12-12 17:24:10,771:INFO:Logical Core: 8
2021-12-12 17:24:10,772:INFO:Checking libraries
2021-12-12 17:24:10,772:INFO:pd==1.3.0
2021-12-12 17:24:10,772:INFO:numpy==1.19.5
2021-12-12 17:24:10,772:INFO:sklearn==0.23.2
2021-12-12 17:24:10,772:INFO:lightgbm==3.2.1
2021-12-12 17:24:10,773:WARNING:catboost not found
2021-12-12 17:24:10,774:WARNING:xgboost not found
2021-12-12 17:24:11,977:INFO:mlflow==1.17.0
2021-12-12 17:24:11,978:INFO:Checking Exceptions
